<?xml version="1.0" encoding="UTF-8"?>
<testng-results skipped="0" failed="0" ignored="0" total="1" passed="1">
  <reporter-output>
  </reporter-output>
  <suite name="Suite" duration-ms="80724" started-at="2020-02-22T11:51:49Z" finished-at="2020-02-22T11:53:10Z">
    <groups>
    </groups>
    <test name="Test" duration-ms="80724" started-at="2020-02-22T11:51:49Z" finished-at="2020-02-22T11:53:10Z">
      <class name="com.cheer.testCase.TestNgCase">
        <test-method status="PASS" signature="startExplorer()[pri:0, instance:com.cheer.testCase.TestNgCase@62435e70]" name="startExplorer" is-config="true" duration-ms="19607" started-at="2020-02-22T11:51:50Z" finished-at="2020-02-22T11:52:09Z">
          <reporter-output>
          </reporter-output>
        </test-method> <!-- startExplorer -->
        <test-method status="PASS" signature="openWeb()[pri:0, instance:com.cheer.testCase.TestNgCase@62435e70]" name="openWeb" duration-ms="56686" started-at="2020-02-22T11:52:09Z" finished-at="2020-02-22T11:53:06Z">
          <reporter-output>
          </reporter-output>
        </test-method> <!-- openWeb -->
        <test-method status="PASS" signature="wait1()[pri:0, instance:com.cheer.testCase.TestNgCase@62435e70]" name="wait1" is-config="true" duration-ms="3006" started-at="2020-02-22T11:53:06Z" finished-at="2020-02-22T11:53:09Z">
          <reporter-output>
          </reporter-output>
        </test-method> <!-- wait1 -->
        <test-method status="PASS" signature="closeExplorer()[pri:0, instance:com.cheer.testCase.TestNgCase@62435e70]" name="closeExplorer" is-config="true" duration-ms="693" started-at="2020-02-22T11:53:09Z" finished-at="2020-02-22T11:53:10Z">
          <reporter-output>
          </reporter-output>
        </test-method> <!-- closeExplorer -->
      </class> <!-- com.cheer.testCase.TestNgCase -->
    </test> <!-- Test -->
  </suite> <!-- Suite -->
</testng-results>
